{
  "RSpec": {
    "coverage": {
      "/mnt/c/Users/Najibullah/Downloads/Documents/blog-in-rails/app/helpers/application_helper.rb": {
        "lines": [
          1,
          null
        ]
      },
      "/mnt/c/Users/Najibullah/Downloads/Documents/blog-in-rails/app/models/user.rb": {
        "lines": [
          1,
          null,
          1,
          1,
          1,
          null,
          null,
          1,
          1,
          null,
          null,
          1,
          0,
          null,
          null
        ]
      },
      "/mnt/c/Users/Najibullah/Downloads/Documents/blog-in-rails/app/models/application_record.rb": {
        "lines": [
          1,
          1,
          null
        ]
      },
      "/mnt/c/Users/Najibullah/Downloads/Documents/blog-in-rails/app/models/post.rb": {
        "lines": [
          1,
          1,
          1,
          1,
          null,
          1,
          null,
          1,
          100,
          null,
          null,
          1,
          null,
          1,
          1,
          1,
          null
        ]
      },
      "/mnt/c/Users/Najibullah/Downloads/Documents/blog-in-rails/app/controllers/posts_controller.rb": {
        "lines": [
          1,
          1,
          10,
          10,
          null,
          null,
          null,
          1,
          0,
          null,
          null,
          1,
          0,
          null,
          null,
          1,
          0,
          0,
          0,
          null,
          0,
          null,
          null,
          null,
          1,
          null,
          1,
          0,
          null,
          null
        ]
      },
      "/mnt/c/Users/Najibullah/Downloads/Documents/blog-in-rails/app/controllers/application_controller.rb": {
        "lines": [
          1,
          1,
          null,
          1,
          0,
          null,
          null
        ]
      },
      "/mnt/c/Users/Najibullah/Downloads/Documents/blog-in-rails/app/models/comment.rb": {
        "lines": [
          1,
          1,
          1,
          null,
          1,
          1,
          null,
          1,
          0,
          null,
          null,
          1,
          0,
          null,
          null,
          1,
          null,
          1,
          null
        ]
      },
      "/mnt/c/Users/Najibullah/Downloads/Documents/blog-in-rails/app/controllers/comments_controller.rb": {
        "lines": [
          0,
          0,
          0,
          0,
          null,
          0,
          0,
          0,
          0,
          0,
          0,
          0,
          0,
          0,
          null,
          0,
          null,
          0,
          0,
          0,
          0
        ],
        "branches": {
        }
      },
      "/mnt/c/Users/Najibullah/Downloads/Documents/blog-in-rails/app/controllers/likes_controller.rb": {
        "lines": [
          0,
          0,
          0,
          0,
          null,
          0,
          0,
          0,
          0,
          0,
          0,
          0
        ],
        "branches": {
        }
      },
      "/mnt/c/Users/Najibullah/Downloads/Documents/blog-in-rails/app/controllers/users_controller.rb": {
        "lines": [
          0,
          0,
          0,
          0,
          null,
          0,
          0,
          0,
          0
        ],
        "branches": {
        }
      },
      "/mnt/c/Users/Najibullah/Downloads/Documents/blog-in-rails/app/models/like.rb": {
        "lines": [
          0,
          0,
          0,
          null,
          0,
          null,
          0,
          0,
          0,
          0
        ],
        "branches": {
        }
      }
    },
    "timestamp": 1697737345
  }
}
