{
  "RSpec": {
    "coverage": {
      "/mnt/c/Users/glaub/OneDrive/Desktop/microverseprojects/blog-in-rails/app/helpers/application_helper.rb": {
        "lines": [
          1,
          null
        ]
      },
      "/mnt/c/Users/glaub/OneDrive/Desktop/microverseprojects/blog-in-rails/app/models/comment.rb": {
        "lines": [
          1,
          1,
          1,
          null,
          1,
          1,
          null,
          1,
          19,
          null,
          null,
          1,
          1,
          null,
          null,
          1,
          null
        ]
      },
      "/mnt/c/Users/glaub/OneDrive/Desktop/microverseprojects/blog-in-rails/app/models/application_record.rb": {
        "lines": [
          1,
          1,
          null
        ]
      },
      "/mnt/c/Users/glaub/OneDrive/Desktop/microverseprojects/blog-in-rails/app/models/post.rb": {
        "lines": [
          1,
          1,
          1,
          1,
          null,
          1,
          null,
          1,
          17,
          null,
          null,
          1,
          3,
          null,
          null,
          1,
          1,
          1,
          null
        ]
      },
      "/mnt/c/Users/glaub/OneDrive/Desktop/microverseprojects/blog-in-rails/app/models/user.rb": {
        "lines": [
          1,
          null,
          1,
          1,
          1,
          null,
          null,
          1,
          1,
          1,
          null,
          null,
          1,
          2,
          null,
          null
        ]
      },
      "/mnt/c/Users/glaub/OneDrive/Desktop/microverseprojects/blog-in-rails/app/models/like.rb": {
        "lines": [
          1,
          1,
          1,
          null,
          1,
          null,
          1,
          0,
          null,
          null
        ]
      },
      "/mnt/c/Users/glaub/OneDrive/Desktop/microverseprojects/blog-in-rails/app/controllers/posts_controller.rb": {
        "lines": [
          1,
          1,
          3,
          3,
          null,
          null,
          1,
          3,
          null,
          null
        ]
      },
      "/mnt/c/Users/glaub/OneDrive/Desktop/microverseprojects/blog-in-rails/app/controllers/application_controller.rb": {
        "lines": [
          1,
          null
        ]
      },
      "/mnt/c/Users/glaub/OneDrive/Desktop/microverseprojects/blog-in-rails/app/controllers/users_controller.rb": {
        "lines": [
          1,
          1,
          3,
          null,
          null,
          1,
          3,
          null,
          null
        ]
      }
    },
    "timestamp": 1697069774
  }
}
